[Warning]2018/03/04 11:33:21 error msg: 123
[Error]2018/03/04 11:34:34 error msg: 123
[Error]2018/03/04 12:00:21 error msg: 123
[Error]2018/03/04 12:02:23 error msg: 123
[Error]2018/03/04 12:47:02 error msg: 123
[Error]2018/03/04 12:47:57 error msg: 123
[Error]2018/03/04 12:49:25 error msg: 123
[Error]2018/03/04 12:50:01 error msg: 123
[Error]2018/03/04 12:54:04 error msg: 123
[Error]2018/03/04 12:57:58 error msg: 123
[Error]2018/03/04 13:02:49 error msg: 123
[Error]2018/03/05 09:20:43 error msg: 123
[Error]2018/03/05 09:24:18 error msg: 123
[Error]2018/03/05 09:31:09 error msg: 123
[Error]2018/03/05 09:31:13 error msg: 123
[Error]2018/03/05 09:32:05 error msg: 123
[Error]2018/03/05 09:34:07 error msg: 123
[Error]2018/03/05 09:34:21 error msg: 123
[Error]2018/03/05 09:34:52 error msg: 123
[Error]2018/03/05 09:35:18 error msg: 123
[Error]2018/03/05 09:37:11 error msg: 123
[Error]2018/03/06 12:09:06 error msg: 123
[Error]2018/03/06 12:13:00 error msg: 123
[Error]2018/03/06 12:21:47 error msg: 123
[Error]2018/03/06 12:22:08 error msg: 123
[Error]2018/03/06 12:22:40 error msg: 123
[Error]2018/03/06 12:24:48 error msg: 123
[Error]2018/03/06 12:25:11 error msg: 123
[Error]2018/03/06 12:26:13 error msg: 123
[Error]2018/03/06 14:22:14 error msg: 123
[Error]2018/03/06 14:26:16 error msg: 123
[Error]2018/03/06 14:32:37 error msg: 123
[Error]2018/03/06 14:33:07 error msg: 123
[Error]2018/03/06 14:38:50 error msg: 123
[Error]2018/03/06 14:39:46 error msg: 123
[Error]2018/03/06 14:40:01 error msg: 123
[Error]2018/03/06 14:41:10 error msg: 123
[Error]2018/03/06 14:59:27 error msg: 123
[Error]2018/03/06 15:01:53 error msg: 123
[Error]2018/03/06 15:12:47 error msg: 123
[Error]2018/03/06 15:16:03 error msg: 123
[Error]2018/03/06 15:16:19 error msg: 123
[Error]2018/03/06 15:20:02 error msg: 123
[Error]2018/03/06 15:40:09 error msg: 123
[Error]2018/03/06 15:40:33 error msg: 123
[Error]2018/03/06 15:40:58 error msg: 123
[Error]2018/03/06 15:40:58 error msg: 456
[Error]2018/03/06 15:43:10 error msg: 123
[Error]2018/03/06 15:43:10 error msg: 456
[Error]2018/03/06 15:43:12 error msg: 123
[Error]2018/03/06 15:43:12 error msg: 456
[Error]2018/03/06 15:50:59 error msg: 123
[Error]2018/03/06 15:50:59 error msg: 456789
[Error]2018/03/06 18:38:15 error msg: 123
[Error]2018/03/06 18:38:15 error msg: 456789
[Error]2018/03/07 14:41:59 error msg: 123
[Error]2018/03/07 14:41:59 error msg: 456789
[Error]2018/03/07 14:42:53 error msg: 123
[Error]2018/03/07 14:42:53 error msg: 456789
[Error]2018/03/07 14:48:01 error msg: 123
[Error]2018/03/07 14:48:01 error msg: 456789
[Error]2018/03/07 14:48:21 error msg: 123
[Error]2018/03/07 14:48:21 error msg: 456789
[Error]2018/03/07 14:48:27 tcp Fatal error: %s read tcp 192.168.1.52:50550->192.168.1.52:9002: read: connection reset by peer
[Error]2018/03/07 14:48:35 error msg: 123
[Error]2018/03/07 14:48:35 error msg: 456789
[Error]2018/03/07 14:48:35 tcp Fatal error: %s read tcp 192.168.1.52:50552->192.168.1.52:9002: read: connection reset by peer
[Error]2018/03/07 14:48:50 error msg: 123
[Error]2018/03/07 14:48:50 error msg: 456789
[Error]2018/03/07 14:49:03 tcp Fatal error: %s read tcp 192.168.1.52:50554->192.168.1.52:9002: read: connection reset by peer
[Error]2018/03/07 14:51:41 error msg: 123
[Error]2018/03/07 14:51:41 error msg: 456789
[Error]2018/03/07 14:54:37 error msg: 123
[Error]2018/03/07 14:54:37 error msg: 456789
[Error]2018/03/07 15:03:01 error msg: 123
[Error]2018/03/07 15:03:01 error msg: 456789
[Error]2018/03/07 15:07:54 error msg: 123
[Error]2018/03/07 15:07:54 error msg: 456789
[Error]2018/03/07 15:08:14 error msg: 123
[Error]2018/03/07 15:08:14 error msg: 456789
[Error]2018/03/07 15:09:42 error msg: 123
[Error]2018/03/07 15:09:42 error msg: 456789
[Error]2018/03/07 15:20:12 error msg: 123
[Error]2018/03/07 15:20:12 error msg: 456789
[Error]2018/03/07 15:21:31 error msg: 123
[Error]2018/03/07 15:21:31 error msg: 456789
[Error]2018/03/07 15:23:35 error msg: 123
[Error]2018/03/07 15:23:35 error msg: 456789
[Error]2018/03/07 15:24:21 error msg: 123
[Error]2018/03/07 15:24:21 error msg: 456789
[Error]2018/03/07 15:24:41 error msg: 123
[Error]2018/03/07 15:24:41 error msg: 456789
[Error]2018/03/07 15:25:02 error msg: 123
[Error]2018/03/07 15:25:02 error msg: 456789
[Error]2018/03/07 15:31:14 error msg: 123
[Error]2018/03/07 15:31:14 error msg: 456789
[Error]2018/03/07 15:32:35 error msg: 123
[Error]2018/03/07 15:32:35 error msg: 456789
[Error]2018/03/07 15:55:27 error msg: 123
[Error]2018/03/07 15:55:27 error msg: 456789
[Error]2018/03/07 15:56:43 error msg: 123
[Error]2018/03/07 15:56:43 error msg: 456789
[Error]2018/03/07 16:05:17 error msg: 123
[Error]2018/03/07 16:05:17 error msg: 456789
[Error]2018/03/07 16:05:34 error msg: 123
[Error]2018/03/07 16:05:34 error msg: 456789
[Error]2018/03/07 20:57:10 error msg: 123
[Error]2018/03/07 20:57:10 error msg: 456789
[Error]2018/03/12 00:47:41 error msg: 123
[Error]2018/03/12 00:47:41 error msg: 456789
[Error]2018/03/12 00:47:46 tcp Fatal error: %s proto: go_proto.M_1208Tos: illegal tag 0 (wire type 0)
[Error]2018/03/12 00:48:43 error msg: 123
[Error]2018/03/12 00:48:43 error msg: 456789
[Error]2018/03/12 00:48:49 error msg: 123
[Error]2018/03/12 00:48:49 error msg: 456789
[Error]2018/03/12 00:48:51 tcp Fatal error: %s proto: go_proto.M_1208Tos: illegal tag 0 (wire type 0)
[Error]2018/03/12 00:49:45 error msg: 123
[Error]2018/03/12 00:49:45 error msg: 456789
[Error]2018/03/12 00:49:46 tcp Fatal error: %s proto: go_proto.M_1208Tos: illegal tag 0 (wire type 0)
[Error]2018/03/08 11:25:01 error msg: 123
[Error]2018/03/08 11:25:01 error msg: 456789
[Error]2018/03/08 12:09:57 error msg: 123
[Error]2018/03/08 12:09:57 error msg: 456789
[Error]2018/03/08 12:11:47 error msg: 123
[Error]2018/03/08 12:11:47 error msg: 456789
[Error]2018/03/08 12:13:57 error msg: 123
[Error]2018/03/08 12:13:57 error msg: 456789
[Error]2018/03/08 15:51:56 error msg: 123
[Error]2018/03/08 15:51:56 error msg: 456789
[Error]2018/03/08 15:52:12 error msg: 123
[Error]2018/03/08 15:52:12 error msg: 456789
[Error]2018/03/08 15:55:05 error msg: 123
[Error]2018/03/08 15:55:05 error msg: 456789
[Error]2018/03/08 16:02:23 main 100000000000000
[Error]2018/03/08 16:04:41 main 100000000000000
[Error]2018/03/08 16:06:15 tcp Fatal error: %s proto: go_proto.M_1208Tos: illegal tag 0 (wire type 0)
[Error]2018/03/08 16:45:16 main 100000000000000
[Error]2018/03/10 18:11:02 main 100000000000000
[Error]2018/03/10 18:17:13 Cfg_store not match: 7
[Error]2018/03/10 18:34:29 Cfg_store not match: 7
[Error]2018/03/12 17:51:30 Cfg_store not match: 7
[Error]2018/03/12 17:51:55 Cfg_hu_rate not match: 19
[Error]2018/03/12 17:53:59 Cfg_hu_rate not match: 19
